[    0.000000] Linux version 4.15.0-212-generic (buildd@lcy02-amd64-083) (gcc version 7.5.0 (Ubuntu 7.5.0-3ubuntu1~18.04)) #223-Ubuntu SMP Tue May 23 13:09:22 UTC 2023 (Ubuntu 4.15.0-212.223-generic 4.15.18)
[    0.000000] Command line: BOOT_IMAGE=/boot/vmlinuz-4.15.0-212-generic root=LABEL=cloudimg-rootfs ro console=tty1 console=ttyS0
[    0.000000] KERNEL supported cpus:
[    0.000000]   Intel GenuineIntel
[    0.000000]   AMD AuthenticAMD
[    0.000000]   Centaur CentaurHauls
[    0.000000] [Firmware Bug]: TSC doesn't count with P0 frequency!
[    0.000000] x86/fpu: x87 FPU will use FXSAVE
[    0.000000] e820: BIOS-provided physical RAM map:
[    0.000000] BIOS-e820: [mem 0x0000000000000000-0x000000000009fbff] usable
[    0.000000] BIOS-e820: [mem 0x000000000009fc00-0x000000000009ffff] reserved
[    0.000000] BIOS-e820: [mem 0x00000000000f0000-0x00000000000fffff] reserved
[    0.000000] BIOS-e820: [mem 0x0000000000100000-0x000000001ffeffff] usable
[    0.000000] BIOS-e820: [mem 0x000000001fff0000-0x000000001fffffff] ACPI data
[    0.000000] BIOS-e820: [mem 0x00000000fec00000-0x00000000fec00fff] reserved
[    0.000000] BIOS-e820: [mem 0x00000000fee00000-0x00000000fee00fff] reserved
[    0.000000] BIOS-e820: [mem 0x00000000fffc0000-0x00000000ffffffff] reserved
[    0.000000] NX (Execute Disable) protection: active
[    0.000000] SMBIOS 2.5 present.
[    0.000000] DMI: innotek GmbH VirtualBox/VirtualBox, BIOS VirtualBox 12/01/2006
[    0.000000] Hypervisor detected: KVM
[    0.000000] e820: last_pfn = 0x1fff0 max_arch_pfn = 0x400000000
[    0.000000] x86/PAT: Configuration [0-7]: WB  WC  UC- UC  WB  WP  UC- WT  
[    0.000000] CPU MTRRs all blank - virtualized system.
[    0.000000] found SMP MP-table at [mem 0x0009fbf0-0x0009fbff]
[    0.000000] Scanning 1 areas for low memory corruption
[    0.000000] RAMDISK: [mem 0x1db01000-0x1ee12fff]
[    0.000000] ACPI: Early table checksum verification disabled
[    0.000000] ACPI: RSDP 0x00000000000E0000 000024 (v02 VBOX  )
[    0.000000] ACPI: XSDT 0x000000001FFF0030 00003C (v01 VBOX   VBOXXSDT 00000001 ASL  00000061)
[    0.000000] ACPI: FACP 0x000000001FFF00F0 0000F4 (v04 VBOX   VBOXFACP 00000001 ASL  00000061)
[    0.000000] ACPI: DSDT 0x000000001FFF0610 002353 (v02 VBOX   VBOXBIOS 00000002 INTL 20100528)
[    0.000000] ACPI: FACS 0x000000001FFF0200 000040
[    0.000000] ACPI: FACS 0x000000001FFF0200 000040
[    0.000000] ACPI: APIC 0x000000001FFF0240 000054 (v02 VBOX   VBOXAPIC 00000001 ASL  00000061)
[    0.000000] ACPI: SSDT 0x000000001FFF02A0 00036C (v01 VBOX   VBOXCPUT 00000002 INTL 20100528)
[    0.000000] ACPI: Reserving FACP table memory at [mem 0x1fff00f0-0x1fff01e3]
[    0.000000] ACPI: Reserving DSDT table memory at [mem 0x1fff0610-0x1fff2962]
[    0.000000] ACPI: Reserving FACS table memory at [mem 0x1fff0200-0x1fff023f]
[    0.000000] ACPI: Reserving FACS table memory at [mem 0x1fff0200-0x1fff023f]
[    0.000000] ACPI: Reserving APIC table memory at [mem 0x1fff0240-0x1fff0293]
[    0.000000] ACPI: Reserving SSDT table memory at [mem 0x1fff02a0-0x1fff060b]
[    0.000000] No NUMA configuration found
[    0.000000] Faking a node at [mem 0x0000000000000000-0x000000001ffeffff]
[    0.000000] NODE_DATA(0) allocated [mem 0x1ffc5000-0x1ffeffff]
[    0.000000] kvm-clock: cpu 0, msr 0:1ff44001, primary cpu clock
[    0.000000] kvm-clock: Using msrs 4b564d01 and 4b564d00
[    0.000000] kvm-clock: using sched offset of 3713178958 cycles
[    0.000000] clocksource: kvm-clock: mask: 0xffffffffffffffff max_cycles: 0x1cd42e4dffb, max_idle_ns: 881590591483 ns
[    0.000000] Zone ranges:
[    0.000000]   DMA      [mem 0x0000000000001000-0x0000000000ffffff]
[    0.000000]   DMA32    [mem 0x0000000001000000-0x000000001ffeffff]
[    0.000000]   Normal   empty
[    0.000000]   Device   empty
[    0.000000] Movable zone start for each node
[    0.000000] Early memory node ranges
[    0.000000]   node   0: [mem 0x0000000000001000-0x000000000009efff]
[    0.000000]   node   0: [mem 0x0000000000100000-0x000000001ffeffff]
[    0.000000] Reserved but unavailable: 104 pages
[    0.000000] Initmem setup node 0 [mem 0x0000000000001000-0x000000001ffeffff]
[    0.000000] ACPI: PM-Timer IO Port: 0x4008
[    0.000000] IOAPIC[0]: apic_id 1, version 32, address 0xfec00000, GSI 0-23
[    0.000000] ACPI: INT_SRC_OVR (bus 0 bus_irq 0 global_irq 2 dfl dfl)
[    0.000000] ACPI: INT_SRC_OVR (bus 0 bus_irq 9 global_irq 9 low level)
[    0.000000] Using ACPI (MADT) for SMP configuration information
[    0.000000] smpboot: Allowing 1 CPUs, 0 hotplug CPUs
[    0.000000] PM: Registered nosave memory: [mem 0x00000000-0x00000fff]
[    0.000000] PM: Registered nosave memory: [mem 0x0009f000-0x0009ffff]
[    0.000000] PM: Registered nosave memory: [mem 0x000a0000-0x000effff]
[    0.000000] PM: Registered nosave memory: [mem 0x000f0000-0x000fffff]
[    0.000000] e820: [mem 0x20000000-0xfebfffff] available for PCI devices
[    0.000000] Booting paravirtualized kernel on KVM
[    0.000000] clocksource: refined-jiffies: mask: 0xffffffff max_cycles: 0xffffffff, max_idle_ns: 7645519600211568 ns
[    0.000000] setup_percpu: NR_CPUS:8192 nr_cpumask_bits:1 nr_cpu_ids:1 nr_node_ids:1
[    0.000000] percpu: Embedded 50 pages/cpu s167936 r8192 d28672 u2097152
[    0.000000] PV qspinlock hash table entries: 256 (order: 0, 4096 bytes)
[    0.000000] Built 1 zonelists, mobility grouping on.  Total pages: 128889
[    0.000000] Policy zone: DMA32
[    0.000000] Kernel command line: BOOT_IMAGE=/boot/vmlinuz-4.15.0-212-generic root=LABEL=cloudimg-rootfs ro console=tty1 console=ttyS0
[    0.000000] Memory: 466748K/523832K available (12300K kernel code, 2477K rwdata, 4324K rodata, 2480K init, 2720K bss, 57084K reserved, 0K cma-reserved)
[    0.000000] SLUB: HWalign=64, Order=0-3, MinObjects=0, CPUs=1, Nodes=1
[    0.000000] ftrace: allocating 39508 entries in 155 pages
[    0.004000] Hierarchical RCU implementation.
[    0.004000] 	RCU restricting CPUs from NR_CPUS=8192 to nr_cpu_ids=1.
[    0.004000] 	Tasks RCU enabled.
[    0.004000] RCU: Adjusting geometry for rcu_fanout_leaf=16, nr_cpu_ids=1
[    0.004000] NR_IRQS: 524544, nr_irqs: 256, preallocated irqs: 16
[    0.004000] random: crng init done
[    0.004000] Console: colour VGA+ 80x25
[    0.004000] console [tty1] enabled
[    0.004000] console [ttyS0] enabled
[    0.004000] ACPI: Core revision 20170831
[    0.004000] ACPI: 2 ACPI AML tables successfully acquired and loaded
[    0.004000] APIC: Switch to symmetric I/O mode setup
[    0.004000] ..TIMER: vector=0x30 apic1=0 pin1=2 apic2=-1 pin2=-1
[    0.004005] tsc: Detected 3600.002 MHz processor
[    0.008006] Calibrating delay loop (skipped) preset value.. 7200.00 BogoMIPS (lpj=14400008)
[    0.012003] pid_max: default: 32768 minimum: 301
[    0.016023] Security Framework initialized
[    0.020003] Yama: becoming mindful.
[    0.024018] AppArmor: AppArmor initialized
[    0.028091] Dentry cache hash table entries: 65536 (order: 7, 524288 bytes)
[    0.032028] Inode-cache hash table entries: 32768 (order: 6, 262144 bytes)
[    0.036015] Mount-cache hash table entries: 1024 (order: 1, 8192 bytes)
[    0.040015] Mountpoint-cache hash table entries: 1024 (order: 1, 8192 bytes)
[    0.045367] CPU0: Hyper-Threading is disabled
[    0.048069] Last level iTLB entries: 4KB 1024, 2MB 1024, 4MB 512
[    0.052003] Last level dTLB entries: 4KB 2048, 2MB 2048, 4MB 1024, 1GB 0
[    0.056005] Spectre V1 : Mitigation: usercopy/swapgs barriers and __user pointer sanitization
[    0.060003] Spectre V2 : Mitigation: Retpolines
[    0.064002] Spectre V2 : Spectre v2 / SpectreRSB mitigation: Filling RSB on context switch
[    0.068006] Spectre V2 : Spectre v2 / SpectreRSB : Filling RSB on VMEXIT
[    0.072006] RETBleed: Vulnerable
[    0.081907] Freeing SMP alternatives memory: 36K
[    0.196355] smpboot: CPU0: AMD Ryzen 7 3700X 8-Core Processor (family: 0x17, model: 0x71, stepping: 0x0)
[    0.200068] Performance Events: PMU not available due to virtualization, using software events only.
[    0.204038] Hierarchical SRCU implementation.
[    0.208000] NMI watchdog: Perf event create on CPU 0 failed with -2
[    0.208003] NMI watchdog: Perf NMI watchdog permanently disabled
[    0.212037] smp: Bringing up secondary CPUs ...
[    0.216003] smp: Brought up 1 node, 1 CPU
[    0.220003] smpboot: Max logical packages: 1
[    0.224003] smpboot: Total of 1 processors activated (7200.00 BogoMIPS)
[    0.228163] devtmpfs: initialized
[    0.231193] x86/mm: Memory block size: 128MB
[    0.232154] evm: security.selinux
[    0.236013] evm: security.SMACK64
[    0.240002] evm: security.SMACK64EXEC
[    0.244002] evm: security.SMACK64TRANSMUTE
[    0.247139] evm: security.SMACK64MMAP
[    0.248002] evm: security.apparmor
[    0.252002] evm: security.ima
[    0.256002] evm: security.capability
[    0.258864] clocksource: jiffies: mask: 0xffffffff max_cycles: 0xffffffff, max_idle_ns: 7645041785100000 ns
[    0.260016] futex hash table entries: 256 (order: 2, 16384 bytes)
[    0.264040] pinctrl core: initialized pinctrl subsystem
[    0.268363] RTC time: 23:57:23, date: 11/06/24
[    0.272109] NET: Registered protocol family 16
[    0.276055] audit: initializing netlink subsys (disabled)
[    0.280088] cpuidle: using governor ladder
[    0.284005] audit: type=2000 audit(1730937448.679:1): state=initialized audit_enabled=0 res=1
[    0.288005] cpuidle: using governor menu
[    0.294377] ACPI: bus type PCI registered
[    0.296003] acpiphp: ACPI Hot Plug PCI Controller Driver version: 0.5
[    0.300298] PCI: Using configuration type 1 for base access
[    0.304002] PCI: Using configuration type 1 for extended access
[    0.308851] HugeTLB registered 2.00 MiB page size, pre-allocated 0 pages
[    0.312114] ACPI: Added _OSI(Module Device)
[    0.316004] ACPI: Added _OSI(Processor Device)
[    0.320003] ACPI: Added _OSI(3.0 _SCP Extensions)
[    0.324003] ACPI: Added _OSI(Processor Aggregator Device)
[    0.328008] ACPI: Added _OSI(Linux-Dell-Video)
[    0.332017] ACPI: Added _OSI(Linux-Lenovo-NV-HDMI-Audio)
[    0.336004] ACPI: Added _OSI(Linux-HPI-Hybrid-Graphics)
[    0.340755] ACPI: Executed 1 blocks of module-level executable AML code
[    0.350057] ACPI: Interpreter enabled
[    0.352011] ACPI: (supports S0 S5)
[    0.356003] ACPI: Using IOAPIC for interrupt routing
[    0.360437] PCI: Using host bridge windows from ACPI; if necessary, use "pci=nocrs" and report a bug
[    0.368233] ACPI: Enabled 2 GPEs in block 00 to 07
[    0.381856] ACPI: PCI Root Bridge [PCI0] (domain 0000 [bus 00-ff])
[    0.384006] acpi PNP0A03:00: _OSC: OS supports [ExtendedConfig ASPM ClockPM Segments MSI]
[    0.389748] acpi PNP0A03:00: _OSC: platform does not support [PCIeCapability]
[    0.392889] acpi PNP0A03:00: _OSC: not requesting control; platform does not support [PCIeCapability]
[    0.396003] acpi PNP0A03:00: _OSC: OS requested [PCIeHotplug PME AER PCIeCapability]
[    0.400003] acpi PNP0A03:00: _OSC: platform willing to grant [PCIeHotplug PME AER]
[    0.404005] acpi PNP0A03:00: _OSC failed (AE_SUPPORT); disabling ASPM
[    0.408754] PCI host bridge to bus 0000:00
[    0.412006] pci_bus 0000:00: root bus resource [io  0x0000-0x0cf7 window]
[    0.416003] pci_bus 0000:00: root bus resource [io  0x0d00-0xffff window]
[    0.420003] pci_bus 0000:00: root bus resource [mem 0x000a0000-0x000bffff window]
[    0.424003] pci_bus 0000:00: root bus resource [mem 0x20000000-0xfdffffff window]
[    0.428004] pci_bus 0000:00: root bus resource [bus 00-ff]
[    0.439909] pci 0000:00:01.1: legacy IDE quirk: reg 0x10: [io  0x01f0-0x01f7]
[    0.440003] pci 0000:00:01.1: legacy IDE quirk: reg 0x14: [io  0x03f6]
[    0.444007] pci 0000:00:01.1: legacy IDE quirk: reg 0x18: [io  0x0170-0x0177]
[    0.448011] pci 0000:00:01.1: legacy IDE quirk: reg 0x1c: [io  0x0376]
[    0.470986] pci 0000:00:07.0: quirk: [io  0x4000-0x403f] claimed by PIIX4 ACPI
[    0.472045] pci 0000:00:07.0: quirk: [io  0x4100-0x410f] claimed by PIIX4 SMB
[    0.488908] ACPI: PCI Interrupt Link [LNKA] (IRQs 5 9 10 *11)
[    0.492595] ACPI: PCI Interrupt Link [LNKB] (IRQs 5 9 *10 11)
[    0.496215] ACPI: PCI Interrupt Link [LNKC] (IRQs 5 *9 10 11)
[    0.500218] ACPI: PCI Interrupt Link [LNKD] (IRQs 5 9 10 *11)
[    0.504379] SCSI subsystem initialized
[    0.507345] pci 0000:00:02.0: vgaarb: setting as boot VGA device
[    0.508000] pci 0000:00:02.0: vgaarb: VGA device added: decodes=io+mem,owns=io+mem,locks=none
[    0.508004] pci 0000:00:02.0: vgaarb: bridge control possible
[    0.512002] vgaarb: loaded
[    0.516021] ACPI: bus type USB registered
[    0.520017] usbcore: registered new interface driver usbfs
[    0.524009] usbcore: registered new interface driver hub
[    0.528010] usbcore: registered new device driver usb
[    0.532053] EDAC MC: Ver: 3.0.0
[    0.536694] PCI: Using ACPI for IRQ routing
[    0.540707] NetLabel: Initializing
[    0.543334] NetLabel:  domain hash size = 128
[    0.544002] NetLabel:  protocols = UNLABELED CIPSOv4 CALIPSO
[    0.548013] NetLabel:  unlabeled traffic allowed by default
[    0.552105] clocksource: Switched to clocksource kvm-clock
[    0.593883] VFS: Disk quotas dquot_6.6.0
[    0.597760] VFS: Dquot-cache hash table entries: 512 (order 0, 4096 bytes)
[    0.604407] AppArmor: AppArmor Filesystem Enabled
[    0.608141] pnp: PnP ACPI init
[    0.612373] pnp: PnP ACPI: found 3 devices
[    0.623159] clocksource: acpi_pm: mask: 0xffffff max_cycles: 0xffffff, max_idle_ns: 2085701024 ns
[    0.629977] NET: Registered protocol family 2
[    0.633622] IP idents hash table entries: 8192 (order: 4, 65536 bytes)
[    0.638918] TCP established hash table entries: 4096 (order: 3, 32768 bytes)
[    0.644525] TCP bind hash table entries: 4096 (order: 4, 65536 bytes)
[    0.649615] TCP: Hash tables configured (established 4096 bind 4096)
[    0.654696] UDP hash table entries: 256 (order: 1, 8192 bytes)
[    0.659223] UDP-Lite hash table entries: 256 (order: 1, 8192 bytes)
[    0.664062] NET: Registered protocol family 1
[    0.667699] pci 0000:00:00.0: Limiting direct PCI/PCI transfers
[    0.672409] pci 0000:00:01.0: Activating ISA DMA hang workarounds
[    0.677154] pci 0000:00:02.0: Video device with shadowed ROM at [mem 0x000c0000-0x000dffff]
[    0.683739] Unpacking initramfs...
[    1.124028] Freeing initrd memory: 19528K
[    1.134467] clocksource: tsc: mask: 0xffffffffffffffff max_cycles: 0x33e4559ce44, max_idle_ns: 440795364889 ns
[    1.142145] platform rtc_cmos: registered platform RTC device (no PNP device found)
[    1.148179] Scanning for low memory corruption every 60 seconds
[    1.153443] Initialise system trusted keyrings
[    1.156927] Key type blacklist registered
[    1.160043] workingset: timestamp_bits=36 max_order=17 bucket_order=0
[    1.167197] zbud: loaded
[    1.170316] squashfs: version 4.0 (2009/01/31) Phillip Lougher
[    1.175229] fuse init (API version 7.26)
[    1.180518] Key type asymmetric registered
[    1.183837] Asymmetric key parser 'x509' registered
[    1.187798] Block layer SCSI generic (bsg) driver version 0.4 loaded (major 246)
[    1.193508] io scheduler noop registered
[    1.196807] io scheduler deadline registered
[    1.200225] io scheduler cfq registered (default)
[    1.204236] ACPI: AC Adapter [AC] (on-line)
[    1.207493] input: Power Button as /devices/LNXSYSTM:00/LNXPWRBN:00/input/input0
[    1.213206] ACPI: Power Button [PWRF]
[    1.216590] input: Sleep Button as /devices/LNXSYSTM:00/LNXSLPBN:00/input/input1
[    1.222381] ACPI: Sleep Button [SLPF]
[    1.225705] Serial: 8250/16550 driver, 32 ports, IRQ sharing enabled
[    1.260790] 00:02: ttyS0 at I/O 0x3f8 (irq = 4, base_baud = 115200) is a 16550A
[    1.269488] Linux agpgart interface v0.103
[    1.275222] loop: module loaded
[    1.279087] scsi host0: ata_piix
[    1.281939] scsi host1: ata_piix
[    1.284561] ata1: PATA max UDMA/33 cmd 0x1f0 ctl 0x3f6 bmdma 0xd000 irq 14
[    1.289702] ata2: PATA max UDMA/33 cmd 0x170 ctl 0x376 bmdma 0xd008 irq 15
[    1.296717] tun: Universal TUN/TAP device driver, 1.6
[    1.300762] PPP generic driver version 2.4.2
[    1.304002] ehci_hcd: USB 2.0 'Enhanced' Host Controller (EHCI) Driver
[    1.308984] ehci-pci: EHCI PCI platform driver
[    1.312433] ehci-platform: EHCI generic platform driver
[    1.316429] ohci_hcd: USB 1.1 'Open' Host Controller (OHCI) Driver
[    1.321238] ohci-pci: OHCI PCI platform driver
[    1.324695] ohci-platform: OHCI generic platform driver
[    1.328913] uhci_hcd: USB Universal Host Controller Interface driver
[    1.333771] i8042: PNP: PS/2 Controller [PNP0303:PS2K,PNP0f03:PS2M] at 0x60,0x64 irq 1,12
[    1.343084] serio: i8042 KBD port at 0x60,0x64 irq 1
[    1.347190] serio: i8042 AUX port at 0x60,0x64 irq 12
[    1.351194] mousedev: PS/2 mouse device common for all mice
[    1.356950] input: AT Translated Set 2 keyboard as /devices/platform/i8042/serio0/input/input2
[    1.365083] rtc_cmos rtc_cmos: rtc core: registered rtc_cmos as rtc0
[    1.371100] rtc_cmos rtc_cmos: alarms up to one day, 114 bytes nvram
[    1.376079] i2c /dev entries driver
[    1.378943] device-mapper: uevent: version 1.0.3
[    1.382702] device-mapper: ioctl: 4.37.0-ioctl (2017-09-20) initialised: dm-devel@redhat.com
[    1.389455] ledtrig-cpu: registered to indicate activity on CPUs
[    1.394503] NET: Registered protocol family 10
[    1.401024] Segment Routing with IPv6
[    1.403843] NET: Registered protocol family 17
[    1.407577] Key type dns_resolver registered
[    1.411224] mce: Using 0 MCE banks
[    1.414110] RAS: Correctable Errors collector initialized.
[    1.418552] sched_clock: Marking stable (1418501507, 0)->(2045547631, -627046124)
[    1.424427] registered taskstats version 1
[    1.427688] Loading compiled-in X.509 certificates
[    1.433493] Loaded X.509 cert 'Build time autogenerated kernel key: b5b26778eaa3ab3a4a6cee031137706e947d12ad'
[    1.441595] Loaded X.509 cert 'Canonical Ltd. Live Patch Signing: 14df34d1a87cf37625abec039ef2bf521249b969'
[    1.449435] Loaded X.509 cert 'Canonical Ltd. Kernel Module Signing: 88f752e560a1e0737e31163a466ad7b70a850c19'
[    1.456899] blacklist: Loading compiled-in revocation X.509 certificates
[    1.514288] Loaded X.509 cert 'Canonical Ltd. Secure Boot Signing: 61482aa2830d0ab2ad5af10b7250da9033ddcef0'
[    1.521617] Loaded X.509 cert 'Canonical Ltd. Secure Boot Signing (2017): 242ade75ac4a15e50d50c84b0d45ff3eae707a03'
[    1.529364] Loaded X.509 cert 'Canonical Ltd. Secure Boot Signing (ESM 2018): 365188c1d374d6b07c3c8f240f8ef722433d6a8b'
[    1.537448] Loaded X.509 cert 'Canonical Ltd. Secure Boot Signing (2019): c0746fd6c5da3ae827864651ad66ae47fe24b3e8'
[    1.545366] Loaded X.509 cert 'Canonical Ltd. Secure Boot Signing (2021 v1): a8d54bbb3825cfb94fa13c9f8a594a195c107b8d'
[    1.553405] Loaded X.509 cert 'Canonical Ltd. Secure Boot Signing (2021 v2): 4cf046892d6fd3c9a5b03f98d845f90851dc6a8c'
[    1.561659] Loaded X.509 cert 'Canonical Ltd. Secure Boot Signing (2021 v3): 100437bb6de6e469b581e61cd66bce3ef4ed53af'
[    1.569690] Loaded X.509 cert 'Canonical Ltd. Secure Boot Signing (Ubuntu Core 2019): c1d57b8f6b743f23ee41f4f7ee292f06eecadfb9'
[    1.579326] zswap: loaded using pool lzo/zbud
[    1.585663] Key type big_key registered
[    1.588752] Key type trusted registered
[    1.593064] Key type encrypted registered
[    1.596225] AppArmor: AppArmor sha1 policy hashing enabled
[    1.600624] ima: No TPM chip found, activating TPM-bypass! (rc=-19)
[    1.605375] ima: Allocated hash algorithm: sha1
[    1.609021] evm: HMAC attrs: 0x1
[    1.612339]   Magic number: 0:366:1009
[    1.615536] rtc_cmos rtc_cmos: setting system clock to 2024-11-06 23:57:24 UTC (1730937444)
[    1.622572] BIOS EDD facility v0.16 2004-Jun-25, 0 devices found
[    1.627239] EDD information not available.
[    1.633146] Freeing unused kernel image memory: 2480K
[    1.644129] Write protecting the kernel read-only data: 20480k
[    1.648883] Freeing unused kernel image memory: 2008K
[    1.653005] Freeing unused kernel image memory: 1820K
[    1.662556] x86/mm: Checked W+X mappings: passed, no W+X pages found.
Loading, please wait...
starting version 237
[    1.755998] e1000: Intel(R) PRO/1000 Network Driver - version 7.3.21-k8-NAPI
[    1.761624] e1000: Copyright (c) 1999-2006 Intel Corporation.
[    1.770322] Fusion MPT base driver 3.04.20
[    1.773763] Copyright (c) 1999-2008 LSI Corporation
[    1.800678] SSE version of gcm_enc/dec engaged.
[    1.826301] Fusion MPT SPI Host driver 3.04.20
[    2.035230] input: ImExPS/2 Generic Explorer Mouse as /devices/platform/i8042/serio1/input/input4
[    2.460846] e1000 0000:00:03.0 eth0: (PCI:33MHz:32-bit) 02:3b:7b:b7:3b:2d
[    2.466011] e1000 0000:00:03.0 eth0: Intel(R) PRO/1000 Network Connection
[    2.472629] mptbase: ioc0: Initiating bringup
[    2.582846] ioc0: LSI53C1030 A0: Capabilities={Initiator}
[    2.834685] scsi host2: ioc0: LSI53C1030 A0, FwRev=00000000h, Ports=1, MaxQ=256, IRQ=20
[    3.009075] scsi 2:0:0:0: Direct-Access     VBOX     HARDDISK         1.0  PQ: 0 ANSI: 5
[    3.017744] scsi target2:0:0: Beginning Domain Validation
[    3.026334] scsi target2:0:0: Domain Validation skipping write tests
[    3.031224] scsi target2:0:0: Ending Domain Validation
[    3.035487] scsi target2:0:0: asynchronous
[    3.040499] scsi 2:0:1:0: Direct-Access     VBOX     HARDDISK         1.0  PQ: 0 ANSI: 5
[    3.046778] scsi target2:0:1: Beginning Domain Validation
[    3.069522] scsi target2:0:1: Domain Validation skipping write tests
[    3.074381] scsi target2:0:1: Ending Domain Validation
[    3.093340] scsi target2:0:1: asynchronous
[    3.170762] sd 2:0:0:0: Attached scsi generic sg0 type 0
[    3.175507] sd 2:0:0:0: [sda] 83886080 512-byte logical blocks: (42.9 GB/40.0 GiB)
[    3.189883] sd 2:0:1:0: [sdb] 20480 512-byte logical blocks: (10.5 MB/10.0 MiB)
[    3.195598] sd 2:0:1:0: Attached scsi generic sg1 type 0
[    3.200010] sd 2:0:0:0: [sda] Write Protect is off
[    3.204152] sd 2:0:1:0: [sdb] Write Protect is off
[    3.208498] sd 2:0:0:0: [sda] Incomplete mode parameter data
[    3.213000] sd 2:0:0:0: [sda] Assuming drive cache: write through
[    3.225368] sd 2:0:1:0: [sdb] Incomplete mode parameter data
[    3.229733] sd 2:0:1:0: [sdb] Assuming drive cache: write through
[    3.243944]  sda: sda1
[    3.256515] sd 2:0:0:0: [sda] Attached SCSI disk
[    3.269288] sd 2:0:1:0: [sdb] Attached SCSI disk
[    3.745606] e1000 0000:00:08.0 eth1: (PCI:33MHz:32-bit) 08:00:27:ce:a3:86
[    3.750943] e1000 0000:00:08.0 eth1: Intel(R) PRO/1000 Network Connection
[    3.757461] e1000 0000:00:08.0 enp0s8: renamed from eth1
[    3.772600] e1000 0000:00:03.0 enp0s3: renamed from eth0
Begin: Loading essential drivers ... [    5.380111] raid6: sse2x1   gen()  9602 MB/s
[    5.432405] raid6: sse2x1   xor()  8075 MB/s
[    5.496295] raid6: sse2x2   gen() 20033 MB/s
[    5.560120] raid6: sse2x2   xor() 12681 MB/s
[    5.612788] raid6: sse2x4   gen() 16650 MB/s
[    5.678181] raid6: sse2x4   xor() 12450 MB/s
[    5.681689] raid6: using algorithm sse2x2 gen() 20033 MB/s
[    5.685986] raid6: .... xor() 12681 MB/s, rmw enabled
[    5.690148] raid6: using ssse3x2 recovery algorithm
[    5.695110] xor: measuring software checksum speed
[    5.805737]    prefetch64-sse: 47949.000 MB/sec
[    5.912135]    generic_sse: 46420.000 MB/sec
[    5.916051] xor: using function: prefetch64-sse (47949.000 MB/sec)
[    5.922553] async_tx: api initialized (async)
done.
Begin: Running /scripts/init-premount ... done.
Begin: Mounting root file system ... Begin: Running /scripts/local-top ... done.
Begin: Running /scripts/local-premount ... [    5.974248] Btrfs loaded, crc32c=crc32c-intel
Scanning for Btrfs filesystems
done.
Warning: fsck not present, so skipping root file system
[    6.103027] EXT4-fs (sda1): mounted filesystem with ordered data mode. Opts: (null)
done.
Begin: Running /scripts/local-bottom ... done.
Begin: Running /scripts/init-bottom ... done.
[    6.343727] ip_tables: (C) 2000-2006 Netfilter Core Team
[    6.365967] systemd[1]: systemd 237 running in system mode. (+PAM +AUDIT +SELINUX +IMA +APPARMOR +SMACK +SYSVINIT +UTMP +LIBCRYPTSETUP +GCRYPT +GNUTLS +ACL +XZ +LZ4 +SECCOMP +BLKID +ELFUTILS +KMOD -IDN2 +IDN -PCRE2 default-hierarchy=hybrid)
[    6.383002] systemd[1]: Detected virtualization oracle.
[    6.387250] systemd[1]: Detected architecture x86-64.

Welcome to [1mUbuntu 18.04.6 LTS[0m!

[    6.396528] systemd[1]: Set hostname to <ubuntu>.
[    6.406730] systemd[1]: Initializing machine ID from random generator.
[    6.411928] systemd[1]: Installed transient /etc/machine-id file.
[    6.713683] systemd[1]: Started Forward Password Requests to Wall Directory Watch.
[[0;32m  OK  [0m] Started Forward Password Requests to Wall Directory Watch.
[    6.724486] systemd[1]: Set up automount Arbitrary Executable File Formats File System Automount Point.
[[0;32m  OK  [0m] Set up automount Arbitrary Executab…rmats File System Automount Point.
[    6.736715] systemd[1]: Reached target Mounting snaps.
[[0;32m  OK  [0m] Reached target Mounting snaps.
[    6.744448] systemd[1]: Reached target Mounted snaps.
[[0;32m  OK  [0m] Reached target Mounted snaps.
[[0;32m  OK  [0m] Reached target User and Group Name Lookups.
[[0;32m  OK  [0m] Reached target System Time Synchronized.
[[0;32m  OK  [0m] Created slice System Slice.
[[0;32m  OK  [0m] Listening on Device-mapper event daemon FIFOs.
[[0;32m  OK  [0m] Listening on udev Kernel Socket.
[[0;32m  OK  [0m] Listening on Journal Socket.
[[0;32m  OK  [0m] Listening on Syslog Socket.
[[0;32m  OK  [0m] Listening on Journal Audit Socket.
[[0;32m  OK  [0m] Listening on Network Service Netlink Socket.
         Mounting Huge Pages File System...
         Starting Create list of required st…ce nodes for the current kernel...
[[0;32m  OK  [0m] Created slice User and Session Slice.
[[0;32m  OK  [0m] Listening on udev Control Socket.
         Starting udev Coldplug all Devices...
[[0;32m  OK  [0m] Listening on LVM2 poll daemon socket.
         Mounting Kernel Debug File System...
         Mounting POSIX Message Queue File System...
[[0;32m  OK  [0m] Reached target Slices.
[[0;32m  OK  [0m] Listening on /dev/initctl Compatibility Named Pipe.
[[0;32m  OK  [0m] Listening on Journal Socket (/dev/log).
[[0;32m  OK  [0m] Reached target Swap.
[[0;32m  OK  [0m] Listening on LVM2 metadata daemon socket.
[[0;32m  OK  [0m] Created slice system-serial\x2dgetty.slice.
         Starting Uncomplicated firewall...
         Starting Set the console keyboard layout...
         Starting Journal Service...
[[0;32m  OK  [0m] Listening on fsck to fsckd communication Socket.
         Starting Load Kernel Modules...
         Starting Monitoring of LVM2 mirrors…ng dmeventd or progress polling...
         Starting File System Check on Root Device...
[[0;32m  OK  [0m] Mounted Huge Pages File System.
[[0;32m  OK  [0m] Started Create list of required sta…vice nodes for the current kernel.[    6.934332] Loading iSCSI transport class v2.0-870.

[[0;32m  OK  [0m] Started Journal Service.
[[0;32m  OK  [0m] Mounted Kernel Debug File System.
[[0;32m  OK  [0m] Mounted POSIX Message Queue File System.
[[0;32m  OK  [0m] Started Uncomplicated firewall.
         Starting Create Static Device Nodes in /dev...
[[0;32m  OK  [0m] Started LVM2 metadata daemon.
[[0;32m  OK  [0m] Started File System Check Daemon to report status.
[[0;32m  OK  [0m] Started udev Coldplug all Devices.
[    7.015615] iscsi: registered transport (tcp)
[    7.033642] iscsi: registered transport (iser)
[[0;32m  OK  [0m] Started Load Kernel Modules.
         Starting Apply Kernel Variables...
         Mounting FUSE Control File System...
         Mounting Kernel Configuration File System...
[[0;32m  OK  [0m] Mounted FUSE Control File System.
[[0;32m  OK  [0m] Mounted Kernel Configuration File System.
[[0;32m  OK  [0m] Started Create Static Device Nodes in /dev.
[[0;32m  OK  [0m] Started Monitoring of LVM2 mirrors,…sing dmeventd or progress polling.
[[0;32m  OK  [0m] Started Apply Kernel Variables.
[[0;32m  OK  [0m] Started File System Check on Root Device.
         Starting Remount Root and Kernel File Systems...
[[0;32m  OK  [0m] Started Remount Root and Kernel File Systems.
         Starting udev Kernel Device Manager...
         Starting Flush Journal to Persistent Storage...
         Starting Load/Save Random Seed...
[[0;32m  OK  [0m] Started udev Kernel Device Manager.
[[0;32m  OK  [0m] Started Load/Save Random Seed.
[[0;32m  OK  [0m] Started Flush Journal to Persistent Storage.
[[0;32m  OK  [0m] Found device /dev/ttyS0.
[[0;32m  OK  [0m] Listening on Load/Save RF Kill Switch Status /dev/rfkill Watch.
[[0;32m  OK  [0m] Started Set the console keyboard layout.
[[0;32m  OK  [0m] Started Dispatch Password Requests to Console Directory Watch.
[[0;32m  OK  [0m] Reached target Local Encrypted Volumes.
[[0;32m  OK  [0m] Reached target Local File Systems (Pre).
[[0;32m  OK  [0m] Reached target Local File Systems.
         Starting AppArmor initialization...
         Starting Set console font and keymap...
         Starting Create Volatile Files and Directories...
         Starting Tell Plymouth To Write Out Runtime Data...
         Starting Commit a transient machine-id on disk...
         Starting ebtables ruleset management...
         Mounting Arbitrary Executable File Formats File System...
[[0;32m  OK  [0m] Started Tell Plymouth To Write Out Runtime Data.
[[0;32m  OK  [0m] Started Commit a transient machine-id on disk.
[[0;32m  OK  [0m] Started Create Volatile Files and Directories.
         Starting Update UTMP about System Boot/Shutdown...
[[0;32m  OK  [0m] Mounted Arbitrary Executable File Formats File System.
[[0;32m  OK  [0m] Started Update UTMP about System Boot/Shutdown.
[[0;32m  OK  [0m] Started ebtables ruleset management.
[[0;32m  OK  [0m] Started AppArmor initialization.
         Starting Load AppArmor profiles managed internally by snapd...
         Starting Initial cloud-init job (pre-networking)...
[[0;32m  OK  [0m] Started Set console font and keymap.
[[0;32m  OK  [0m] Started Load AppArmor profiles managed internally by snapd.
[   15.020670] cloud-init[785]: Cloud-init v. 23.1.2-0ubuntu0~18.04.1 running 'init-local' at Wed, 06 Nov 2024 23:57:37 +0000. Up 14.73 seconds.
[[0;32m  OK  [0m] Started Initial cloud-init job (pre-networking).
[[0;32m  OK  [0m] Reached target Network (Pre).
         Starting Network Service...
[[0;32m  OK  [0m] Started Network Service.
         Starting Network Name Resolution...
         Starting Wait for Network to be Configured...
[[0;32m  OK  [0m] Started Network Name Resolution.
[[0;32m  OK  [0m] Reached target Network.
[[0;32m  OK  [0m] Reached target Host and Network Name Lookups.
[[0;32m  OK  [0m] Started Wait for Network to be Configured.
         Starting Initial cloud-init job (metadata service crawler)...
[   17.177611] cloud-init[934]: Cloud-init v. 23.1.2-0ubuntu0~18.04.1 running 'init' at Wed, 06 Nov 2024 23:57:39 +0000. Up 17.08 seconds.
[   17.193542] cloud-init[934]: ci-info: ++++++++++++++++++++++++++++++++++++++Net device info+++++++++++++++++++++++++++++++++++++++
[   17.203949] cloud-init[934]: ci-info: +--------+-------+----------------------------+---------------+--------+-------------------+
[   17.218342] cloud-init[934]: ci-info: | Device |   Up  |          Address           |      Mask     | Scope  |     Hw-Address    |
[   17.229037] cloud-init[934]: ci-info: +--------+-------+----------------------------+---------------+--------+-------------------+
[   17.242302] cloud-init[934]: ci-info: | enp0s3 |  True |         10.0.2.15          | 255.255.255.0 | global | 02:3b:7b:b7:3b:2d |
[   17.253544] cloud-init[934]: ci-info: | enp0s3 |  True | fd00::3b:7bff:feb7:3b2d/64 |       .       | global | 02:3b:7b:b7:3b:2d |
[   17.261185] cloud-init[934]: ci-info: | enp0s3 |  True | fe80::3b:7bff:feb7:3b2d/64 |       .       |  link  | 02:3b:7b:b7:3b:2d |
[   17.269081] cloud-init[934]: ci-info: | enp0s8 | False |             .              |       .       |   .    | 08:00:27:ce:a3:86 |
[   17.284592] cloud-init[934]: ci-info: |   lo   |  True |         127.0.0.1          |   255.0.0.0   |  host  |         .         |
[   17.293301] cloud-init[934]: ci-info: |   lo   |  True |          ::1/128           |       .       |  host  |         .         |
[   17.301343] cloud-init[934]: ci-info: +--------+-------+----------------------------+---------------+--------+-------------------+
[   17.308632] cloud-init[934]: ci-info: ++++++++++++++++++++++++++++Route IPv4 info+++++++++++++++++++++++++++++
[   17.317662] cloud-init[934]: ci-info: +-------+-------------+----------+-----------------+-----------+-------+
[   17.329807] cloud-init[934]: ci-info: | Route | Destination | Gateway  |     Genmask     | Interface | Flags |
[   17.339923] cloud-init[934]: ci-info: +-------+-------------+----------+-----------------+-----------+-------+
[   17.350287] cloud-init[934]: ci-info: |   0   |   0.0.0.0   | 10.0.2.2 |     0.0.0.0     |   enp0s3  |   UG  |
[   17.361142] cloud-init[934]: ci-info: |   1   |   10.0.2.0  | 0.0.0.0  |  255.255.255.0  |   enp0s3  |   U   |
[   17.370111] cloud-init[934]: ci-info: |   2   |   10.0.2.2  | 0.0.0.0  | 255.255.255.255 |   enp0s3  |   UH  |
[   17.381831] cloud-init[934]: ci-info: +-------+-------------+----------+-----------------+-----------+-------+
[   17.392342] cloud-init[934]: ci-info: +++++++++++++++++++Route IPv6 info+++++++++++++++++++
[   17.397163] cloud-init[934]: ci-info: +-------+-------------+---------+-----------+-------+
[   17.403008] cloud-init[934]: ci-info: | Route | Destination | Gateway | Interface | Flags |
[   17.408091] cloud-init[934]: ci-info: +-------+-------------+---------+-----------+-------+
[   17.413918] cloud-init[934]: ci-info: |   1   |  fd00::/64  |    ::   |   enp0s3  |   U   |
[   17.441943] cloud-init[934]: ci-info: |   2   |  fe80::/64  |    ::   |   enp0s3  |   U   |
[   17.454653] cloud-init[934]: ci-info: |   3   |     ::/0    | fe80::2 |   enp0s3  |   UG  |
[   17.471527] cloud-init[934]: ci-info: |   5   |    local    |    ::   |   enp0s3  |   U   |
[   17.484802] cloud-init[934]: ci-info: |   6   |   ff00::/8  |    ::   |   enp0s3  |   U   |
[   17.491774] cloud-init[934]: ci-info: +-------+-------------+---------+-----------+-------+
[   18.147761] cloud-init[934]: Generating public/private rsa key pair.
[   18.168408] cloud-init[934]: Your identification has been saved in /etc/ssh/ssh_host_rsa_key.
[   18.173853] cloud-init[934]: Your public key has been saved in /etc/ssh/ssh_host_rsa_key.pub.
[   18.189531] cloud-init[934]: The key fingerprint is:
[   18.194381] cloud-init[934]: SHA256:Gw8ymTsz9wYnWa6XD1h2BPh21stLbIZQxyHzGTpIgBk root@ubuntu-bionic
[   18.208370] cloud-init[934]: The key's randomart image is:
[   18.213226] cloud-init[934]: +---[RSA 2048]----+
[   18.229480] cloud-init[934]: |      E+.oo o.o. |
[   18.234111] cloud-init[934]: |      o .. o.=oo |
[   18.237979] cloud-init[934]: |         ...+oo  |
[   18.247082] cloud-init[934]: |       o  =.o..  |
[   18.256700] cloud-init[934]: |      = S=o+.+ . |
[[0;32m  OK  [0m] [   18.264243] cloud-init[934]: |       ++Oo.. B  |
Started Initial cloud-init job (metadata service crawler).
[[0;32m  OK  [0m] Reached target Network is Online.
[   18.276324] cloud-init[934]: |      = +=o. + . |
[[0;32m  OK  [0m] Reached target Remote File Systems (Pre).
[[0;32m  OK  [0m] Reached target Remote File Systems.
[   18.292652] cloud-init[934]: |       =..+.  .  |
         Starting Availability of block devices...
[[0;32m  OK  [0m] Reached target Cloud-config availability.[   18.309344] cloud-init[934]: |         o...    |
[[0;32m  OK  [0m] Reached target System Initialization.
[[0;32m  OK  [0m
[   18.323802] ] Listening on Open-iSCSI iscsid Socket.
[[0;32m  OK  [0mcloud-init[934]: +----[SHA256]-----+] Started Discard unused blocks once a week.
[[0;32m  OK  [0m
[   18.338536] cloud-init[934]: ] Started Daily apt download activities.
[[0;32m  OK  [0mGenerating public/private dsa key pair.
[   18.347934] ] Started Message of the Day.
cloud-init[934]: [[0;32m  OK  [0m] Listening on UUID daemon activation socket.
Your identification has been saved in /etc/ssh/ssh_host_dsa_key.
[   18.359525] [[0;32m  OK  [0m] Listening on ACPID Listen Socket.cloud-init[934]: Your public key has been saved in /etc/ssh/ssh_host_dsa_key.pub.
[[0;32m  OK  [0m] Started Ubuntu Advantage Timer for running repeated jobs.
[   18.374358] cloud-init[934]: The key fingerprint is:
[   18.378353] cloud-init[934]: 
SHA256:fSFRqMb6jeoqbwz40uqdYS204IJIDppMx1dZH8ErQ0o root@ubuntu-bionic
[[0;32m  OK  [0m] Started ACPI Events Check.[   18.388402] cloud-init[934]: The key's randomart image is:

[[0;32m  OK  [0m] Reached target Paths.
[[0;32m  OK  [0m] Started Daily Cleanup of Temporary Directories.[   18.396321] cloud-init[934]: +---[DSA 1024]----+
[   18.403750] 
[[0;32m  OK  [0m] Started Daily apt upgrade and clean activities.cloud-init[934]: |         .o=o    |
[   18.411770] cloud-init[934]: |       Eo.oo.    |
[   18.415408] 
[[0;32m  OK  [0m] Listening on D-Bus System Message Bus Socket.cloud-init[934]: |      .+o...o    |
[   18.423778] 
[[0;32m  OK  [0m] Listening on cloud-init hotplug hook socket.cloud-init[934]: |  .   ..++ o .   |
[   18.431676] 
         Starting Socket activation for snappy daemon.cloud-init[934]: |.= + . oS + .    |
[   18.439027] cloud-init
[[0;32m  OK  [0m] Reached target Timers.
         Starting LXD - unix socket.[934]: |%.= + .    .     |

[[0;32m  OK  [0m] Started Availability of block devices.
[[0;32m  OK  [0m[   18.465017] cloud-init[934]: |** B . . o       |
] Listening on Socket activation for snappy daemon.
[[0;32m  OK  [0m[   18.477329] cloud-init[934]: |o * *   o .      |] Listening on LXD - unix socket.
[[0;32m  OK  [0m] 
[   18.486458] cloud-init[934]: Reached target Sockets.
[[0;32m  OK  [0m] |o+ *ooo.         |
[   18.494021] cloud-init[934]: +----[SHA256]-----+Reached target Basic System.

[   18.500380] cloud-init[934]: Generating public/private ecdsa key pair.
         Starting LSB: automatic crash report generation...
[   18.508920] cloud-init[934]: Your identification has been saved in /etc/ssh/ssh_host_ecdsa_key.         Starting Login Service...
[[0;32m  OK  [0m] Started Deferred execution scheduler.
[[0;32m  OK  [0m] Started FUSE filesystem for LXC.

[   18.538123] cloud-init[934]: Your public key has been saved in /etc/ssh/ssh_host_ecdsa_key.pub.         Starting Snap Daemon...

         Starting Virtualbox guest utils...
[   18.555841] cloud-init         Starting LXD - container startup/shutdown...
[[0;32m  OK  [0m] Reached target Login Prompts (Pre).
[934]: The key fingerprint is:
[   18.580932] cloud-init[934]: SHA256:nVFdsUvYTPip8EphOlnl9TRF6qVaEiAgdH3uu7RrrC8 root@ubuntu-bionic
[   18.596090] cloud-init[934]: The key's randomart image is:
[   18.611760] cloud-init[934]: +---[ECDSA 256]---+
[   18.620569] cloud-init[934]: |   .o oo. . ...=*|
[   18.630470] cloud-init[934]: |     o  ...o o*+o|
[   18.640824] cloud-init[934]: |         o. +.+*=|
[   18.652129] cloud-init[934]: |         ..B +.=o|
[   18.659549] cloud-init[934]: |        S.B = =. |
[   18.668034] cloud-init[934]: |         +.. *   |
[   18.673573] cloud-init[934]: |         .+.o    |
[   18.680396] cloud-init[934]: |        E.+o     |
[   18.686700] cloud-init[934]: |        .==o     |
[   18.694070] cloud-init[934]: +----[SHA256]-----+
[   18.701590] cloud-init[934]: Generating public/private ed25519 key pair.
[   18.710548]          Starting Accounts Service...
cloud-init[934]: Your identification has been saved in /etc/ssh/ssh_host_ed25519_key.
[   18.732667] cloud-init[934]: Your public key has been saved in /etc/ssh/ssh_host_ed25519_key.pub.
[   18.739066] cloud-init[934]: The key fingerprint is:
[   18.744826] cloud-init[934]: SHA256:9gHwvpAkEm7v+CestGdyZmp3f/0rZSjjzSJurITXBhg root@ubuntu-bionic
[   18.751462] cloud-init[934]: The key's randomart image is:
[   18.756622] cloud-init[934]: +--[ED25519 256]--+
[   18.762837] cloud-init[934]: |  .   .          |
[[0;32m  OK  [0m] Started irqbalance daemon.
[[0;32m  OK  [0m] Started D-Bus System Message Bus.
[   18.794748] cloud-init[934]: | . .   o         |
[   18.813133] cloud-init[934]: |  + E . o        |
[   18.836300] cloud-init[934]: | . o = o .       |
[   18.846951] cloud-init[934]: |    o + S .  .   |
[   18.858410] cloud-init[934]: |   o . = oo.. o  |
[   18.865784] cloud-init[934]: |  o.o o.+..* o   |
[   18.871372] cloud-init[934]: | .ooXoo.+ + =    |
[   18.879200] cloud-init[934]: | .+@.+.=oo . oo. |
[   18.887008] cloud-init[934]: +----[SHA256]-----+
[[0;32m  OK  [0m] Started Login Service.
[[0;32m  OK  [0m] Started Regular background program processing daemon.
         Starting Dispatcher daemon for systemd-networkd...
         Starting System Logging Service...
[[0;32m  OK  [0m] Started Unattended Upgrades Shutdown.
         Starting Permit User Sessions...
         Starting Pollinate to seed the pseudo random number generator...
         Starting LSB: Record successful boot for GRUB...
[[0;32m  OK  [0m] Started System Logging Service.
[[0;32m  OK  [0m] Started Permit User Sessions.
[[0;32m  OK  [0m] Started LXD - container startup/shutdown.
         Starting Authorization Manager...
         Starting Hostname Service...
         Starting Hold until boot process finishes up...
         Starting Terminate Plymouth Boot Screen...
[[0;32m  OK  [0m] Started Terminate Plymouth Boot Screen.
[[0;32m  OK  [0m] Started Hold until boot process finishes up.
[[0;32m  OK  [0m] Started LSB: automatic crash report generation.
         Starting Set console scheme...
[[0;32m  OK  [0m] Started Serial Getty on ttyS0.
[[0;32m  OK  [0m] Started Set console scheme.
[[0;32m  OK  [0m] Created slice system-getty.slice.
[[0;32m  OK  [0m] Started Getty on tty1.
[[0;32m  OK  [0m] Reached target Login Prompts.
[[0;32m  OK  [0m] Started Authorization Manager.
[[0;32m  OK  [0m] Started Accounts Service.
[[0;32m  OK  [0m] Started Hostname Service.
[[0;32m  OK  [0m] Started Virtualbox guest utils.
[[0;32m  OK  [0m] Started LSB: Record successful boot for GRUB.
[[0;32m  OK  [0m] Started Dispatcher daemon for systemd-networkd.
[[0;32m  OK  [0m] Started Snap Daemon.
         Starting Wait until snapd is fully seeded...
[[0;32m  OK  [0m] Started Pollinate to seed the pseudo random number generator.
         Starting OpenBSD Secure Shell server...
[[0;32m  OK  [0m] Started OpenBSD Secure Shell server.
         Starting Time & Date Service...
[[0;32m  OK  [0m] Created slice User Slice of vagrant.
[[0;32m  OK  [0m] Started Time & Date Service.
[[0;32m  OK  [0m] Started Session 1 of user vagrant.
         Starting User Manager for UID 1000...
[[0;32m  OK  [0m] Started User Manager for UID 1000.

Ubuntu 18.04.6 LTS ubuntu-bionic ttyS0

ubuntu-bionic login: [   43.346551] cloud-init[2240]: Cloud-init v. 23.1.2-0ubuntu0~18.04.1 running 'modules:config' at Wed, 06 Nov 2024 23:58:05 +0000. Up 42.95 seconds.
ci-info: no authorized SSH keys fingerprints found for user ubuntu.
<14>Nov  6 23:58:06 cloud-init: #############################################################
<14>Nov  6 23:58:06 cloud-init: -----BEGIN SSH HOST KEY FINGERPRINTS-----
<14>Nov  6 23:58:06 cloud-init: 1024 SHA256:fSFRqMb6jeoqbwz40uqdYS204IJIDppMx1dZH8ErQ0o root@ubuntu-bionic (DSA)
<14>Nov  6 23:58:06 cloud-init: 256 SHA256:nVFdsUvYTPip8EphOlnl9TRF6qVaEiAgdH3uu7RrrC8 root@ubuntu-bionic (ECDSA)
<14>Nov  6 23:58:06 cloud-init: 256 SHA256:9gHwvpAkEm7v+CestGdyZmp3f/0rZSjjzSJurITXBhg root@ubuntu-bionic (ED25519)
<14>Nov  6 23:58:06 cloud-init: 2048 SHA256:Gw8ymTsz9wYnWa6XD1h2BPh21stLbIZQxyHzGTpIgBk root@ubuntu-bionic (RSA)
<14>Nov  6 23:58:06 cloud-init: -----END SSH HOST KEY FINGERPRINTS-----
<14>Nov  6 23:58:06 cloud-init: #############################################################
-----BEGIN SSH HOST KEY KEYS-----
ecdsa-sha2-nistp256 AAAAE2VjZHNhLXNoYTItbmlzdHAyNTYAAAAIbmlzdHAyNTYAAABBBFmuz45lfXzwpuRDkelkex31vcEASialgNM8OTvQzy4sivEeINf+IHushh5eiIXxo/o6Qgu3UfHRD2BSEbVpn9A= root@ubuntu-bionic
ssh-ed25519 AAAAC3NzaC1lZDI1NTE5AAAAIJ3+ZHATTk/k8gQfG4QI9qTvPSMNdNnEwzFQCccRMGIZ root@ubuntu-bionic
ssh-rsa AAAAB3NzaC1yc2EAAAADAQABAAABAQDD5AYwFHR8vAUb8D6lk69AHM/+c+cElL3Qa4RyumJWsJCoAbe7zZAO+C4Y1wz7k7tQ/jNc7UYbDr8GvEWxojP99HazlgJl6k+lJLzn30ot9867RMxubMcBOj0mJ4DO0uNAgBrpUSmRb7Ps9Mv/rVmdFKHikX6QCI9s1IjeSHtH7Zi2GF6lzDI2bXjvIkBOGOyW4JaVDKoHbjtE4jfZ39hd8exK3MiHupspNEs/0Q6L1WUx5FBgSmBcYIO7UBQzf0Sfk/IqtXlCR/tzifYpnf3NPSdQHZkbH+7vadFcm2PZa5y2s7yTsMTvbBezZbL+eYTxSwDQW7uzgc2MQEE6exXD root@ubuntu-bionic
-----END SSH HOST KEY KEYS-----
[   43.968510] cloud-init[2290]: Cloud-init v. 23.1.2-0ubuntu0~18.04.1 running 'modules:final' at Wed, 06 Nov 2024 23:58:06 +0000. Up 43.75 seconds.
[   43.988542] cloud-init[2290]: Cloud-init v. 23.1.2-0ubuntu0~18.04.1 finished at Wed, 06 Nov 2024 23:58:06 +0000. Datasource DataSourceNoCloud [seed=/dev/sdb][dsmode=net].  Up 43.96 seconds
